Arguments: 
  /usr/local/bin/node /usr/local/Cellar/yarn/1.22.0/libexec/bin/yarn.js global bin

PATH: 
  /Applications/Postgres.app/Contents/Versions/11/bin:/usr/local/bin:/usr/bin:/bin:/usr/sbin:/sbin

Yarn version: 
  1.22.0

Node version: 
  11.14.0

Platform: 
  darwin x64

Trace: 
  SyntaxError: /Users/harlanevans/Desktop/Dev/DPL/2020_TA/Spring/Part_Time/GymPact/GymPact/package.json: Unexpected string in JSON at position 198
      at JSON.parse (<anonymous>)
      at /usr/local/Cellar/yarn/1.22.0/libexec/lib/cli.js:1625:59
      at Generator.next (<anonymous>)
      at step (/usr/local/Cellar/yarn/1.22.0/libexec/lib/cli.js:310:30)
      at /usr/local/Cellar/yarn/1.22.0/libexec/lib/cli.js:321:13

npm manifest: 
  {
    "name": "client",
    "version": "0.1.0",
    "private": true,
    "dependencies": {
  
      "react-lodash": "^0.1.2",
      "semantic-ui-calendar-react": "^0.15.3",
      "styled-components": "^5.1.0"
  
      "@testing-library/jest-dom": "^4.2.4",
      "@testing-library/react": "^9.3.2",
      "@testing-library/user-event": "^7.1.2",
      "axios": "^0.19.2",
      "devise-axios": "^1.0.24",
      "react": "^16.13.1",
      "react-dom": "^16.13.1",
      "react-router-dom": "^5.1.2",
      "react-scripts": "3.4.1",
      "semantic-ui-css": "^2.4.1",
      "semantic-ui-react": "^0.88.2"
    },
    "proxy": "http://localhost:3001",
    "scripts": {
      "start": "react-scripts start",
      "build": "react-scripts build",
      "test": "react-scripts test",
      "eject": "react-scripts eject"
    },
    "eslintConfig": {
      "extends": "react-app"
    },
    "browserslist": {
      "production": [
        ">0.2%",
        "not dead",
        "not op_mini all"
      ],
      "development": [
        "last 1 chrome version",
        "last 1 firefox version",
        "last 1 safari version"
      ]
    }
  }

yarn manifest: 
  No manifest

Lockfile: 
  
